# JRE version: Java(TM) SE Runtime Environment (8.0_92-b14) (build 1.8.0_92-b14)
# Java VM: Java HotSpot(TM) 64-Bit Server VM (25.92-b14 mixed mode windows-amd64 compressed oops)
Heap:
 PSYoungGen      total 219648K, used 18321K [0x00000000eab00000, 0x00000000fce00000, 0x0000000100000000)
  eden space 186368K, 9% used [0x00000000eab00000,0x00000000ebce4580,0x00000000f6100000)
  from space 33280K, 0% used [0x00000000f6100000,0x00000000f6100000,0x00000000f8180000)
  to   space 32256K, 0% used [0x00000000fae80000,0x00000000fae80000,0x00000000fce00000)
 ParOldGen       total 130048K, used 62014K [0x00000000c0000000, 0x00000000c7f00000, 0x00000000eab00000)
  object space 130048K, 47% used [0x00000000c0000000,0x00000000c3c8f8e0,0x00000000c7f00000)
 Metaspace       used 68879K, capacity 71780K, committed 72064K, reserved 1112064K
  class space    used 9164K, capacity 9821K, committed 9856K, reserved 1048576K
GC Heap History (10 events):
Event: 99.205 GC heap before
{Heap before GC invocations=29 (full 3):
 PSYoungGen      total 158720K, used 156686K [0x00000000eab00000, 0x00000000f7400000, 0x0000000100000000)
  eden space 134656K, 99% used [0x00000000eab00000,0x00000000f2dab4e8,0x00000000f2e80000)
  from space 24064K, 95% used [0x00000000f2e80000,0x00000000f44d84e0,0x00000000f4600000)
  to   space 27648K, 0% used [0x00000000f5900000,0x00000000f5900000,0x00000000f7400000)
 ParOldGen       total 70656K, used 55528K [0x00000000c0000000, 0x00000000c4500000, 0x00000000eab00000)
  object space 70656K, 78% used [0x00000000c0000000,0x00000000c363a020,0x00000000c4500000)
 Metaspace       used 66022K, capacity 68550K, committed 68608K, reserved 1107968K
  class space    used 8829K, capacity 9434K, committed 9472K, reserved 1048576K
Event: 99.219 GC heap after
Heap after GC invocations=29 (full 3):
 PSYoungGen      total 175104K, used 24492K [0x00000000eab00000, 0x00000000f7c00000, 0x0000000100000000)
  eden space 147456K, 0% used [0x00000000eab00000,0x00000000eab00000,0x00000000f3b00000)
  from space 27648K, 88% used [0x00000000f5900000,0x00000000f70eb1e8,0x00000000f7400000)
  to   space 30720K, 0% used [0x00000000f3b00000,0x00000000f3b00000,0x00000000f5900000)
 ParOldGen       total 70656K, used 55536K [0x00000000c0000000, 0x00000000c4500000, 0x00000000eab00000)
  object space 70656K, 78% used [0x00000000c0000000,0x00000000c363c020,0x00000000c4500000)
 Metaspace       used 66022K, capacity 68550K, committed 68608K, reserved 1107968K
  class space    used 8829K, capacity 9434K, committed 9472K, reserved 1048576K
}
Event: 99.239 GC heap before
{Heap before GC invocations=30 (full 3):
 PSYoungGen      total 175104K, used 171679K [0x00000000eab00000, 0x00000000f7c00000, 0x0000000100000000)
  eden space 147456K, 99% used [0x00000000eab00000,0x00000000f3abcd00,0x00000000f3b00000)
  from space 27648K, 88% used [0x00000000f5900000,0x00000000f70eb1e8,0x00000000f7400000)
  to   space 30720K, 0% used [0x00000000f3b00000,0x00000000f3b00000,0x00000000f5900000)
 ParOldGen       total 70656K, used 55536K [0x00000000c0000000, 0x00000000c4500000, 0x00000000eab00000)
  object space 70656K, 78% used [0x00000000c0000000,0x00000000c363c020,0x00000000c4500000)
 Metaspace       used 66026K, capacity 68550K, committed 68608K, reserved 1107968K
  class space    used 8829K, capacity 9434K, committed 9472K, reserved 1048576K
Event: 99.251 GC heap after
Heap after GC invocations=30 (full 3):
 PSYoungGen      total 178176K, used 22818K [0x00000000eab00000, 0x00000000fa200000, 0x0000000100000000)
  eden space 147456K, 0% used [0x00000000eab00000,0x00000000eab00000,0x00000000f3b00000)
  from space 30720K, 74% used [0x00000000f3b00000,0x00000000f5148b38,0x00000000f5900000)
  to   space 32768K, 0% used [0x00000000f8200000,0x00000000f8200000,0x00000000fa200000)
 ParOldGen       total 70656K, used 55544K [0x00000000c0000000, 0x00000000c4500000, 0x00000000eab00000)
  object space 70656K, 78% used [0x00000000c0000000,0x00000000c363e020,0x00000000c4500000)
 Metaspace       used 66026K, capacity 68550K, committed 68608K, reserved 1107968K
  class space    used 8829K, capacity 9434K, committed 9472K, reserved 1048576K
}
Event: 101.734 GC heap before
{Heap before GC invocations=31 (full 3):
 PSYoungGen      total 178176K, used 170274K [0x00000000eab00000, 0x00000000fa200000, 0x0000000100000000)
  eden space 147456K, 100% used [0x00000000eab00000,0x00000000f3b00000,0x00000000f3b00000)
  from space 30720K, 74% used [0x00000000f3b00000,0x00000000f5148b38,0x00000000f5900000)
  to   space 32768K, 0% used [0x00000000f8200000,0x00000000f8200000,0x00000000fa200000)
 ParOldGen       total 70656K, used 55544K [0x00000000c0000000, 0x00000000c4500000, 0x00000000eab00000)
  object space 70656K, 78% used [0x00000000c0000000,0x00000000c363e020,0x00000000c4500000)
 Metaspace       used 68154K, capacity 70868K, committed 71040K, reserved 1110016K
  class space    used 9086K, capacity 9749K, committed 9856K, reserved 1048576K
Event: 101.752 GC heap after
Heap after GC invocations=31 (full 3):
 PSYoungGen      total 219136K, used 20836K [0x00000000eab00000, 0x00000000fa200000, 0x0000000100000000)
  eden space 186368K, 0% used [0x00000000eab00000,0x00000000eab00000,0x00000000f6100000)
  from space 32768K, 63% used [0x00000000f8200000,0x00000000f9659370,0x00000000fa200000)
  to   space 33280K, 0% used [0x00000000f6100000,0x00000000f6100000,0x00000000f8180000)
 ParOldGen       total 70656K, used 60360K [0x00000000c0000000, 0x00000000c4500000, 0x00000000eab00000)
  object space 70656K, 85% used [0x00000000c0000000,0x00000000c3af20c0,0x00000000c4500000)
 Metaspace       used 68154K, capacity 70868K, committed 71040K, reserved 1110016K
  class space    used 9086K, capacity 9749K, committed 9856K, reserved 1048576K
}
Event: 135.220 GC heap before
{Heap before GC invocations=32 (full 3):
 PSYoungGen      total 219136K, used 207204K [0x00000000eab00000, 0x00000000fa200000, 0x0000000100000000)
  eden space 186368K, 100% used [0x00000000eab00000,0x00000000f6100000,0x00000000f6100000)
  from space 32768K, 63% used [0x00000000f8200000,0x00000000f9659370,0x00000000fa200000)
  to   space 33280K, 0% used [0x00000000f6100000,0x00000000f6100000,0x00000000f8180000)
 ParOldGen       total 70656K, used 60360K [0x00000000c0000000, 0x00000000c4500000, 0x00000000eab00000)
  object space 70656K, 85% used [0x00000000c0000000,0x00000000c3af20c0,0x00000000c4500000)
 Metaspace       used 68815K, capacity 71794K, committed 72064K, reserved 1112064K
  class space    used 9166K, capacity 9826K, committed 9856K, reserved 1048576K
Event: 135.247 GC heap after
Heap after GC invocations=32 (full 3):
 PSYoungGen      total 219648K, used 10728K [0x00000000eab00000, 0x00000000fce00000, 0x0000000100000000)
  eden space 186368K, 0% used [0x00000000eab00000,0x00000000eab00000,0x00000000f6100000)
  from space 33280K, 32% used [0x00000000f6100000,0x00000000f6b7a3f8,0x00000000f8180000)
  to   space 32256K, 0% used [0x00000000fae80000,0x00000000fae80000,0x00000000fce00000)
 ParOldGen       total 70656K, used 69763K [0x00000000c0000000, 0x00000000c4500000, 0x00000000eab00000)
  object space 70656K, 98% used [0x00000000c0000000,0x00000000c4420eb0,0x00000000c4500000)
 Metaspace       used 68815K, capacity 71794K, committed 72064K, reserved 1112064K
  class space    used 9166K, capacity 9826K, committed 9856K, reserved 1048576K
}
Event: 135.247 GC heap before
{Heap before GC invocations=33 (full 4):
 PSYoungGen      total 219648K, used 10728K [0x00000000eab00000, 0x00000000fce00000, 0x0000000100000000)
  eden space 186368K, 0% used [0x00000000eab00000,0x00000000eab00000,0x00000000f6100000)
  from space 33280K, 32% used [0x00000000f6100000,0x00000000f6b7a3f8,0x00000000f8180000)
  to   space 32256K, 0% used [0x00000000fae80000,0x00000000fae80000,0x00000000fce00000)
 ParOldGen       total 70656K, used 69763K [0x00000000c0000000, 0x00000000c4500000, 0x00000000eab00000)
  object space 70656K, 98% used [0x00000000c0000000,0x00000000c4420eb0,0x00000000c4500000)
 Metaspace       used 68815K, capacity 71794K, committed 72064K, reserved 1112064K
  class space    used 9166K, capacity 9826K, committed 9856K, reserved 1048576K
Event: 135.552 GC heap after
Heap after GC invocations=33 (full 4):
 PSYoungGen      total 219648K, used 0K [0x00000000eab00000, 0x00000000fce00000, 0x0000000100000000)
  eden space 186368K, 0% used [0x00000000eab00000,0x00000000eab00000,0x00000000f6100000)
  from space 33280K, 0% used [0x00000000f6100000,0x00000000f6100000,0x00000000f8180000)
  to   space 32256K, 0% used [0x00000000fae80000,0x00000000fae80000,0x00000000fce00000)
 ParOldGen       total 130048K, used 62014K [0x00000000c0000000, 0x00000000c7f00000, 0x00000000eab00000)
  object space 130048K, 47% used [0x00000000c0000000,0x00000000c3c8f8e0,0x00000000c7f00000)
 Metaspace       used 68789K, capacity 71722K, committed 72064K, reserved 1112064K
  class space    used 9158K, capacity 9812K, committed 9856K, reserved 1048576K
}

